<?xml version="1.0" encoding="UTF-8"?>
<!-- Generated by org.testng.reporters.JUnitReportReporter -->
<testsuite hostname="IGNP-LPWDEV0199" failures="0" tests="1" name="Sample_google.Sample_web.GoogleSearchTest" time="5.809" errors="0" timestamp="2024-06-21T10:58:19 IST" skipped="0">
  <testcase classname="Sample_google.Sample_web.GoogleSearchTest" name="testGoogleSearch" time="5.809"/>
  <system-out/>
</testsuite> <!-- Sample_google.Sample_web.GoogleSearchTest -->
